<?xml version="1.0" encoding="UTF-8"?>
<testsuite name="FizzbuzzTest" tests="5" skipped="0" failures="0" errors="0" timestamp="2021-08-23T12:39:02" hostname="Ians-MacBook-Air.local" time="0.061">
  <properties/>
  <testcase name="testGenerateListsNumbersUpToFifteen()" classname="FizzbuzzTest" time="0.047"/>
  <testcase name="testGenerateListsNumbersUpToThree()" classname="FizzbuzzTest" time="0.0"/>
  <testcase name="testGenerateListsNumbersUpToFive()" classname="FizzbuzzTest" time="0.001"/>
  <testcase name="testGenerateListsNumbersUpToOne()" classname="FizzbuzzTest" time="0.002"/>
  <testcase name="testGenerateListsNumbersUpToTwo()" classname="FizzbuzzTest" time="0.001"/>
  <system-out><![CDATA[]]></system-out>
  <system-err><![CDATA[]]></system-err>
</testsuite>
