<?xml version="1.0" encoding="UTF-8"?>
<testsuite name="FizzbuzzTest" tests="3" skipped="0" failures="0" errors="0" timestamp="2021-08-23T12:32:42" hostname="Ians-MacBook-Air.local" time="0.054">
  <properties/>
  <testcase name="testGenerateListsNumbersUpToThree()" classname="FizzbuzzTest" time="0.046"/>
  <testcase name="testGenerateListsNumbersUpToOne()" classname="FizzbuzzTest" time="0.001"/>
  <testcase name="testGenerateListsNumbersUpToTwo()" classname="FizzbuzzTest" time="0.001"/>
  <system-out><![CDATA[]]></system-out>
  <system-err><![CDATA[]]></system-err>
</testsuite>
